Build started 07/21/17 12:24:47 PM.
     1>Project "C:\Users\LUTHFI\documents\visual studio 2010\Projects\MoodDetection\MoodDetection\MoodDetection.vcxproj" on node 2 (build target(s)).
     1>InitializeBuildStatus:
         Creating "Debug\MoodDetection.unsuccessfulbuild" because "AlwaysCreate" was specified.
       ClCompile:
         C:\Program Files (x86)\Microsoft Visual Studio 10.0\VC\bin\CL.exe /c /ZI /nologo /W3 /WX- /Od /Oy- /D WIN32 /D _DEBUG /D _CONSOLE /D _UNICODE /D UNICODE /Gm /EHsc /RTC1 /MDd /GS /fp:precise /Zc:wchar_t /Zc:forScope /Fo"Debug\\" /Fd"Debug\vc100.pdb" /Gd /TP /analyze- /errorReport:prompt main.cpp
         main.cpp
     1>c:\users\luthfi\documents\visual studio 2010\projects\mooddetection\mooddetection\main.cpp(46): warning C4018: '<' : signed/unsigned mismatch
       ManifestResourceCompile:
         All outputs are up-to-date.
       Link:
         C:\Program Files (x86)\Microsoft Visual Studio 10.0\VC\bin\link.exe /ERRORREPORT:PROMPT /OUT:"C:\Users\LUTHFI\documents\visual studio 2010\Projects\MoodDetection\Debug\MoodDetection.exe" /INCREMENTAL /NOLOGO opencv_imgproc220d.lib opencv_core220d.lib opencv_highgui220d.lib opencv_calib3d220d.lib opencv_contrib220d.lib opencv_features2d220d.lib opencv_ffmpeg220d.lib opencv_flann220d.lib opencv_gpu220d.lib opencv_legacy220d.lib opencv_ml220d.lib opencv_objdetect220d.lib opencv_video220d.lib kernel32.lib user32.lib gdi32.lib winspool.lib comdlg32.lib advapi32.lib shell32.lib ole32.lib oleaut32.lib uuid.lib odbc32.lib odbccp32.lib /MANIFEST /ManifestFile:"Debug\MoodDetection.exe.intermediate.manifest" /MANIFESTUAC:"level='asInvoker' uiAccess='false'" /DEBUG /PDB:"C:\Users\LUTHFI\documents\visual studio 2010\Projects\MoodDetection\Debug\MoodDetection.pdb" /SUBSYSTEM:CONSOLE /TLBID:1 /DYNAMICBASE /NXCOMPAT /IMPLIB:"C:\Users\LUTHFI\documents\visual studio 2010\Projects\MoodDetection\Debug\MoodDetection.lib" /MACHINE:X86 Debug\MoodDetection.exe.embed.manifest.res
         Debug\main.obj
       Manifest:
         C:\Program Files (x86)\Microsoft SDKs\Windows\v7.0A\bin\mt.exe /nologo /verbose /out:"Debug\MoodDetection.exe.embed.manifest" /manifest Debug\MoodDetection.exe.intermediate.manifest
         All outputs are up-to-date.
       LinkEmbedManifest:
         All outputs are up-to-date.
         MoodDetection.vcxproj -> C:\Users\LUTHFI\documents\visual studio 2010\Projects\MoodDetection\Debug\MoodDetection.exe
       FinalizeBuildStatus:
         Deleting file "Debug\MoodDetection.unsuccessfulbuild".
         Touching "Debug\MoodDetection.lastbuildstate".
     1>Done Building Project "C:\Users\LUTHFI\documents\visual studio 2010\Projects\MoodDetection\MoodDetection\MoodDetection.vcxproj" (build target(s)).

Build succeeded.

Time Elapsed 00:00:03.86
